timestamp: 2015-06-29T15:47:35.093000
CREATE TABLE auth_user(
    id INTEGER PRIMARY KEY AUTOINCREMENT,
    first_name CHAR(128),
    last_name CHAR(128),
    email CHAR(512),
    password CHAR(512),
    registration_key CHAR(512),
    reset_password_key CHAR(512),
    registration_id CHAR(512)
);
success!
timestamp: 2015-06-29T15:47:35.125000
CREATE TABLE auth_group(
    id INTEGER PRIMARY KEY AUTOINCREMENT,
    role CHAR(512),
    description TEXT
);
success!
timestamp: 2015-06-29T15:47:35.140000
CREATE TABLE auth_membership(
    id INTEGER PRIMARY KEY AUTOINCREMENT,
    user_id INTEGER REFERENCES auth_user (id) ON DELETE CASCADE,
    group_id INTEGER REFERENCES auth_group (id) ON DELETE CASCADE
);
success!
timestamp: 2015-06-29T15:47:35.140000
CREATE TABLE auth_permission(
    id INTEGER PRIMARY KEY AUTOINCREMENT,
    group_id INTEGER REFERENCES auth_group (id) ON DELETE CASCADE,
    name CHAR(512),
    table_name CHAR(512),
    record_id INTEGER
);
success!
timestamp: 2015-06-29T15:47:35.140000
CREATE TABLE auth_event(
    id INTEGER PRIMARY KEY AUTOINCREMENT,
    time_stamp TIMESTAMP,
    client_ip CHAR(512),
    user_id INTEGER REFERENCES auth_user (id) ON DELETE CASCADE,
    origin CHAR(512),
    description TEXT
);
success!
timestamp: 2015-06-29T15:47:35.140000
CREATE TABLE auth_cas(
    id INTEGER PRIMARY KEY AUTOINCREMENT,
    user_id INTEGER REFERENCES auth_user (id) ON DELETE CASCADE,
    created_on TIMESTAMP,
    service CHAR(512),
    ticket CHAR(512),
    renew CHAR(1)
);
success!
timestamp: 2015-06-29T15:47:35.156000
CREATE TABLE categories(
    id INTEGER PRIMARY KEY AUTOINCREMENT,
    category_name CHAR(512)
);
success!
timestamp: 2015-06-29T15:47:35.156000
CREATE TABLE posts(
    id INTEGER PRIMARY KEY AUTOINCREMENT,
    post_title CHAR(512) NOT NULL,
    post_text TEXT,
    post_time TIMESTAMP,
    post_category INTEGER REFERENCES categories (id) ON DELETE CASCADE,
    author INTEGER REFERENCES auth_user (id) ON DELETE CASCADE
);
success!
timestamp: 2015-06-29T15:47:35.156000
CREATE TABLE comments(
    id INTEGER PRIMARY KEY AUTOINCREMENT,
    post_id INTEGER REFERENCES posts (id) ON DELETE CASCADE,
    comment_author CHAR(512),
    comment_author_email CHAR(512),
    comment_author_website CHAR(512),
    comment_text TEXT,
    comment_time TIMESTAMP,
    approved CHAR(1)
);
success!
timestamp: 2015-06-29T16:22:56
CREATE TABLE documents(
    id INTEGER PRIMARY KEY AUTOINCREMENT,
    post_id INTEGER REFERENCES posts (id) ON DELETE CASCADE,
    name CHAR(512),
    file_doc CHAR(512),
    created_on TIMESTAMP,
    created_by INTEGER REFERENCES auth_user (id) ON DELETE CASCADE
);
success!
