[2015-06-24 15:51:00] START
[2015-06-24 16:21:36] EDIT Tecsus_Showcase/models/menu.py: 1
[2015-06-24 16:22:02] CREATE grids.py: 0
[2015-06-24 16:22:16] EDIT Tecsus_Showcase/controllers/grids.py: 2
[2015-06-24 16:22:27] EDIT Tecsus_Showcase/models/menu.py: 0
[2015-06-24 16:23:07] CREATE grids/database_lists_smartgrid.html: 0
[2015-06-24 16:23:33] EDIT Tecsus_Showcase/views/grids/database_lists_smartgrid.html: 0
[2015-06-24 16:24:56] EDIT Tecsus_Showcase/controllers/grids.py: 1
[2015-06-24 16:25:25] EDIT Tecsus_Showcase/models/menu.py: 0
[2015-06-24 16:25:43] EDIT Tecsus_Showcase/views/grids/database_lists_smartgrid.html: 0
[2015-06-24 16:25:54] EDIT Tecsus_Showcase/controllers/grids.py: 0
[2015-06-24 16:28:28] EDIT Tecsus_Showcase/controllers/grids.py: -1
[2015-06-24 16:28:33] EDIT Tecsus_Showcase/controllers/grids.py: 0
[2015-06-24 16:29:53] EDIT Tecsus_Showcase/views/grids/database_lists_smartgrid.html: 6
[2015-06-24 16:30:43] EDIT Tecsus_Showcase/controllers/grids.py: 3
[2015-06-24 16:30:49] EDIT Tecsus_Showcase/controllers/grids.py: 0
[2015-06-24 19:43:06] EDIT Tecsus_Showcase/controllers/forms.py: 3
[2015-06-24 19:45:14] EDIT Tecsus_Showcase/controllers/forms.py: 2
[2015-06-24 19:45:16] EDIT Tecsus_Showcase/controllers/forms.py: 0
[2015-06-24 19:45:46] EDIT Tecsus_Showcase/controllers/forms.py: 0
[2015-06-24 19:46:21] EDIT Tecsus_Showcase/controllers/forms.py: 0
[2015-06-24 19:48:06] EDIT Tecsus_Showcase/controllers/forms.py: 1
[2015-06-24 19:48:18] EDIT Tecsus_Showcase/controllers/forms.py: 0
[2015-06-24 19:55:21] EDIT Tecsus_Showcase/models/db.py: 1
[2015-06-24 20:00:47] EDIT Tecsus_Showcase/controllers/forms.py: 2
[2015-06-24 20:01:05] EDIT Tecsus_Showcase/controllers/forms.py: 0
[2015-06-24 20:03:56] EDIT Tecsus_Showcase/controllers/forms.py: 1
[2015-06-24 20:04:15] EDIT Tecsus_Showcase/controllers/forms.py: 0
[2015-06-24 20:05:04] EDIT Tecsus_Showcase/controllers/forms.py: 0
[2015-06-24 20:07:35] EDIT Tecsus_Showcase/models/db.py: 0
[2015-06-24 20:07:46] EDIT Tecsus_Showcase/controllers/forms.py: 0
[2015-06-24 20:32:52] EDIT Tecsus_Showcase/models/db.py: 0
[2015-06-24 20:33:40] EDIT Tecsus_Showcase/controllers/forms.py: 0
[2015-06-24 20:33:53] EDIT Tecsus_Showcase/controllers/forms.py: 0
[2015-06-24 20:41:25] EDIT Tecsus_Showcase/controllers/forms.py: 1
[2015-06-24 20:42:14] EDIT Tecsus_Showcase/controllers/forms.py: 0
[2015-06-24 20:44:09] EDIT Tecsus_Showcase/controllers/forms.py: 2
[2015-06-24 20:44:33] EDIT Tecsus_Showcase/controllers/forms.py: 0
[2015-06-24 20:45:17] EDIT Tecsus_Showcase/controllers/forms.py: 0
[2015-06-24 21:14:09] EDIT Tecsus_Showcase/controllers/forms.py: 1
[2015-06-24 21:15:04] EDIT Tecsus_Showcase/controllers/forms.py: -2
[2015-06-24 21:16:04] EDIT Tecsus_Showcase/controllers/forms.py: 1
[2015-06-24 21:16:13] EDIT Tecsus_Showcase/controllers/forms.py: 0
[2015-06-24 21:16:20] EDIT Tecsus_Showcase/controllers/forms.py: 0
[2015-06-24 21:17:44] EDIT Tecsus_Showcase/controllers/forms.py: 1
[2015-06-24 21:17:53] EDIT Tecsus_Showcase/controllers/forms.py: 0
[2015-06-24 21:18:03] EDIT Tecsus_Showcase/controllers/forms.py: 0
[2015-06-24 21:21:22] EDIT Tecsus_Showcase/controllers/forms.py: 0
[2015-06-24 21:22:49] EDIT Tecsus_Showcase/controllers/forms.py: 0
[2015-06-24 21:23:06] EDIT Tecsus_Showcase/controllers/forms.py: 0
[2015-06-24 21:23:08] EDIT Tecsus_Showcase/controllers/forms.py: 0
[2015-06-24 21:24:26] EDIT Tecsus_Showcase/controllers/forms.py: 0
[2015-06-24 21:24:32] EDIT Tecsus_Showcase/controllers/forms.py: 0
[2015-06-24 21:32:19] EDIT Tecsus_Showcase/controllers/forms.py: 0
[2015-06-24 21:37:51] EDIT Tecsus_Showcase/controllers/forms.py: 0
[2015-06-24 21:39:59] EDIT Tecsus_Showcase/controllers/forms.py: 0
[2015-06-24 21:52:21] EDIT Tecsus_Showcase/models/db.py: 0
[2015-06-27 19:45:02] EDIT Tecsus_Showcase/controllers/forms.py: 2
[2015-06-27 19:45:42] CREATE forms/sale_multiple_forms.html: 0
[2015-06-27 19:46:50] EDIT Tecsus_Showcase/models/menu.py: 1
[2015-06-27 19:47:09] EDIT Tecsus_Showcase/models/menu.py: 0
[2015-06-27 19:51:13] EDIT Tecsus_Showcase/views/forms/sale_multiple_forms.html: 9
[2015-06-27 19:52:55] EDIT Tecsus_Showcase/controllers/forms.py: 11
[2015-06-27 19:53:18] EDIT Tecsus_Showcase/controllers/forms.py: 0
[2015-06-27 19:53:56] EDIT Tecsus_Showcase/controllers/forms.py: 0
[2015-06-27 19:58:14] EDIT Tecsus_Showcase/controllers/forms.py: 1
[2015-06-27 19:58:59] EDIT Tecsus_Showcase/controllers/forms.py: 0
[2015-06-27 19:59:51] EDIT Tecsus_Showcase/controllers/forms.py: 0
[2015-06-27 20:00:00] EDIT Tecsus_Showcase/controllers/forms.py: 0
[2015-06-27 20:00:21] EDIT Tecsus_Showcase/views/forms/sale_multiple_forms.html: 1
[2015-06-27 20:00:28] EDIT Tecsus_Showcase/views/forms/sale_multiple_forms.html: 0
[2015-06-27 20:00:29] EDIT Tecsus_Showcase/controllers/forms.py: 0
[2015-06-27 20:01:59] EDIT Tecsus_Showcase/controllers/forms.py: 0
[2015-06-27 20:08:13] EDIT Tecsus_Showcase/views/forms/sale_multiple_forms.html: 0
[2015-06-27 20:12:21] EDIT Tecsus_Showcase/controllers/forms.py: 1
[2015-06-27 20:12:40] EDIT Tecsus_Showcase/views/forms/sale_multiple_forms.html: 0
[2015-06-28 00:01:13] EDIT Tecsus_Showcase/models/db.py: 0
[2015-06-28 00:03:52] EDIT Tecsus_Showcase/models/db.py: 0
[2015-06-28 00:04:05] EDIT Tecsus_Showcase/models/db.py: 0
[2015-06-28 00:42:19] EDIT Tecsus_Showcase/controllers/forms.py: 22
[2015-06-28 00:43:45] EDIT Tecsus_Showcase/controllers/forms.py: 1
[2015-06-28 00:44:36] EDIT Tecsus_Showcase/controllers/forms.py: 0
[2015-06-28 00:50:41] EDIT Tecsus_Showcase/controllers/forms.py: 2
[2015-06-28 00:52:16] EDIT Tecsus_Showcase/controllers/forms.py: -3
[2015-06-28 00:52:43] EDIT Tecsus_Showcase/controllers/forms.py: 0
[2015-06-28 00:54:53] EDIT Tecsus_Showcase/controllers/forms.py: 4
[2015-06-28 00:54:58] EDIT Tecsus_Showcase/controllers/forms.py: 0
[2015-06-28 00:55:10] EDIT Tecsus_Showcase/controllers/forms.py: 0
[2015-06-28 00:55:40] EDIT Tecsus_Showcase/controllers/forms.py: 0
[2015-06-28 00:55:51] EDIT Tecsus_Showcase/controllers/forms.py: 0
[2015-06-28 00:57:11] EDIT Tecsus_Showcase/controllers/forms.py: 1
[2015-06-28 00:57:32] EDIT Tecsus_Showcase/controllers/forms.py: 0
[2015-06-28 00:58:19] EDIT Tecsus_Showcase/controllers/forms.py: 0
[2015-06-28 00:58:24] EDIT Tecsus_Showcase/controllers/forms.py: 0
[2015-06-28 00:58:46] EDIT Tecsus_Showcase/controllers/forms.py: -1
[2015-06-28 00:59:25] EDIT Tecsus_Showcase/controllers/forms.py: 0
[2015-06-28 00:59:45] EDIT Tecsus_Showcase/controllers/forms.py: 0
[2015-06-28 01:00:57] EDIT Tecsus_Showcase/controllers/forms.py: 0
[2015-06-28 17:26:03] EDIT Tecsus_Showcase/controllers/forms.py: 2
[2015-06-28 17:27:22] EDIT Tecsus_Showcase/controllers/forms.py: 2
[2015-06-28 17:27:28] EDIT Tecsus_Showcase/controllers/forms.py: 0
[2015-06-28 17:29:35] EDIT Tecsus_Showcase/controllers/forms.py: 1
[2015-06-28 17:29:41] EDIT Tecsus_Showcase/controllers/forms.py: 0
[2015-06-28 17:31:23] EDIT Tecsus_Showcase/controllers/forms.py: 0
[2015-06-28 17:32:43] EDIT Tecsus_Showcase/controllers/forms.py: 1
[2015-06-28 17:34:33] EDIT Tecsus_Showcase/controllers/forms.py: 2
[2015-06-28 17:35:38] EDIT Tecsus_Showcase/controllers/forms.py: 2
[2015-06-28 17:37:22] EDIT Tecsus_Showcase/controllers/forms.py: 0
[2015-06-28 17:37:33] EDIT Tecsus_Showcase/controllers/forms.py: 0
[2015-06-28 17:37:33] EDIT Tecsus_Showcase/controllers/forms.py: 0
[2015-06-28 17:38:50] EDIT Tecsus_Showcase/controllers/forms.py: 0
[2015-06-28 17:39:13] EDIT Tecsus_Showcase/controllers/forms.py: 0
[2015-06-28 17:39:15] EDIT Tecsus_Showcase/controllers/forms.py: 0
[2015-06-28 17:39:40] EDIT Tecsus_Showcase/controllers/forms.py: 0
[2015-06-28 17:42:10] EDIT Tecsus_Showcase/controllers/forms.py: 0
[2015-06-28 17:42:29] EDIT Tecsus_Showcase/controllers/forms.py: 0
[2015-06-28 17:42:40] EDIT Tecsus_Showcase/controllers/forms.py: 0
[2015-06-28 17:43:32] EDIT Tecsus_Showcase/controllers/forms.py: 0
[2015-06-28 17:44:49] EDIT Tecsus_Showcase/controllers/forms.py: 0
[2015-06-28 17:46:54] EDIT Tecsus_Showcase/controllers/forms.py: 1
[2015-06-28 17:46:57] EDIT Tecsus_Showcase/controllers/forms.py: 0
[2015-06-28 17:47:11] EDIT Tecsus_Showcase/controllers/forms.py: 0
[2015-06-28 17:47:47] EDIT Tecsus_Showcase/controllers/forms.py: 0
[2015-06-28 17:48:20] EDIT Tecsus_Showcase/controllers/forms.py: -1
[2015-06-28 17:54:23] EDIT Tecsus_Showcase/controllers/forms.py: 1
[2015-06-28 17:54:57] EDIT Tecsus_Showcase/controllers/forms.py: 0
[2015-06-28 17:56:47] EDIT Tecsus_Showcase/controllers/forms.py: -8
[2015-06-28 17:57:46] EDIT Tecsus_Showcase/views/forms/sale_multiple_forms.html: -10
[2015-06-28 18:07:40] EDIT Tecsus_Showcase/controllers/forms.py: 0
[2015-06-28 18:07:48] EDIT Tecsus_Showcase/controllers/forms.py: 0
[2015-06-28 18:08:42] EDIT Tecsus_Showcase/controllers/forms.py: 0
[2015-06-28 18:09:11] EDIT Tecsus_Showcase/controllers/forms.py: 0
[2015-06-28 18:09:41] EDIT Tecsus_Showcase/controllers/forms.py: 0
[2015-06-28 18:10:12] EDIT Tecsus_Showcase/controllers/forms.py: 0
[2015-06-28 18:10:53] EDIT Tecsus_Showcase/controllers/forms.py: 0
[2015-06-28 18:22:19] EDIT Tecsus_Showcase/controllers/forms.py: 1
[2015-06-28 18:22:49] EDIT Tecsus_Showcase/controllers/forms.py: 0
[2015-06-28 18:23:16] EDIT Tecsus_Showcase/controllers/forms.py: 0
[2015-06-28 18:25:31] EDIT Tecsus_Showcase/controllers/forms.py: 0
[2015-06-28 18:26:44] EDIT Tecsus_Showcase/controllers/forms.py: 0
[2015-06-28 18:44:37] EDIT Tecsus_Showcase/controllers/forms.py: 1
[2015-06-28 18:45:19] EDIT Tecsus_Showcase/controllers/forms.py: 0
[2015-06-28 18:46:06] EDIT Tecsus_Showcase/controllers/forms.py: 0
[2015-06-28 18:46:29] EDIT Tecsus_Showcase/controllers/forms.py: 0
[2015-06-28 18:47:24] EDIT Tecsus_Showcase/controllers/forms.py: 0
[2015-06-28 18:47:51] EDIT Tecsus_Showcase/controllers/forms.py: 1
[2015-06-28 18:55:18] EDIT Tecsus_Showcase/controllers/forms.py: 1
[2015-06-28 18:55:31] EDIT Tecsus_Showcase/controllers/forms.py: 0
[2015-06-28 18:55:44] EDIT Tecsus_Showcase/controllers/forms.py: 0
[2015-06-29 08:10:44] EDIT Tecsus_Showcase/controllers/forms.py: 0
[2015-06-29 08:13:29] EDIT Tecsus_Showcase/controllers/forms.py: 2
[2015-06-29 08:13:43] EDIT Tecsus_Showcase/controllers/forms.py: 0
[2015-06-29 08:14:52] EDIT Tecsus_Showcase/controllers/forms.py: 2
[2015-06-29 08:15:30] CREATE forms/select_accessories.html: 0
[2015-06-29 08:16:11] EDIT Tecsus_Showcase/views/forms/select_accessories.html: 0
[2015-06-29 08:16:19] EDIT Tecsus_Showcase/controllers/forms.py: 0
[2015-06-29 08:16:56] EDIT Tecsus_Showcase/controllers/forms.py: 1
[2015-06-29 08:17:03] EDIT Tecsus_Showcase/controllers/forms.py: 0
[2015-06-29 08:17:27] EDIT Tecsus_Showcase/controllers/forms.py: 2
[2015-06-29 08:17:29] EDIT Tecsus_Showcase/controllers/forms.py: 0
[2015-06-29 08:22:25] EDIT Tecsus_Showcase/controllers/forms.py: 0
[2015-06-29 08:22:43] EDIT Tecsus_Showcase/controllers/forms.py: 0
[2015-06-29 08:22:50] EDIT Tecsus_Showcase/controllers/forms.py: 0
[2015-06-29 08:23:16] EDIT Tecsus_Showcase/controllers/forms.py: 0
[2015-06-29 08:23:54] EDIT Tecsus_Showcase/controllers/forms.py: 0
[2015-06-29 08:24:00] EDIT Tecsus_Showcase/controllers/forms.py: 0
[2015-06-29 08:24:52] EDIT Tecsus_Showcase/controllers/forms.py: 0
[2015-06-29 08:25:01] EDIT Tecsus_Showcase/controllers/forms.py: 0
[2015-06-29 08:27:09] EDIT Tecsus_Showcase/controllers/forms.py: 0
[2015-06-29 08:27:14] EDIT Tecsus_Showcase/controllers/forms.py: 0
[2015-06-29 08:27:29] EDIT Tecsus_Showcase/controllers/forms.py: 0
[2015-06-29 08:27:53] EDIT Tecsus_Showcase/controllers/forms.py: 0
[2015-06-29 08:28:45] DELETE Tecsus_Showcase/views/forms/select_accessories.html: -3
[2015-06-29 08:28:54] CREATE forms/select_accessories_form.html: 0
[2015-06-29 08:29:10] EDIT Tecsus_Showcase/views/forms/select_accessories_form.html: 0
[2015-06-29 08:30:25] EDIT Tecsus_Showcase/controllers/forms.py: 0
[2015-06-29 08:34:25] EDIT Tecsus_Showcase/controllers/forms.py: 3
[2015-06-29 08:34:33] EDIT Tecsus_Showcase/controllers/forms.py: 0
[2015-06-29 08:41:29] EDIT Tecsus_Showcase/controllers/forms.py: -5
[2015-06-29 08:41:31] EDIT Tecsus_Showcase/controllers/forms.py: 0
[2015-06-29 08:41:40] EDIT Tecsus_Showcase/controllers/forms.py: 0
[2015-06-29 08:41:48] EDIT Tecsus_Showcase/controllers/forms.py: -1
[2015-06-29 08:43:22] EDIT Tecsus_Showcase/controllers/forms.py: 1
[2015-06-29 08:43:33] EDIT Tecsus_Showcase/controllers/forms.py: 0
[2015-06-29 08:44:18] EDIT Tecsus_Showcase/controllers/forms.py: 0
[2015-06-29 13:59:33] EDIT Tecsus_Showcase/controllers/forms.py: 0
[2015-06-29 13:59:35] EDIT Tecsus_Showcase/controllers/forms.py: 0
[2015-06-29 16:12:54] CREATE forms/accessories_grid_selectable.html: 0
[2015-06-29 16:13:27] DELETE Tecsus_Showcase/views/forms/select_accessories_form.html: -3
[2015-06-29 16:13:40] EDIT Tecsus_Showcase/views/forms/accessories_grid_selectable.html: 3
[2015-06-29 16:13:45] EDIT Tecsus_Showcase/views/forms/accessories_grid_selectable.html: -3
[2015-06-29 16:27:12] DELETE Tecsus_Showcase/views/forms/sale_multiple_forms.html: -5
[2015-06-30 13:01:01] EDIT Tecsus_Showcase/controllers/forms.py: 0
