timestamp: 2015-07-29T11:01:21.607000
CREATE TABLE auth_user(
    id INTEGER PRIMARY KEY AUTOINCREMENT,
    first_name CHAR(128),
    last_name CHAR(128),
    email CHAR(512),
    password CHAR(512),
    registration_key CHAR(512),
    reset_password_key CHAR(512),
    registration_id CHAR(512)
);
success!
timestamp: 2015-07-29T11:01:21.659000
CREATE TABLE auth_group(
    id INTEGER PRIMARY KEY AUTOINCREMENT,
    role CHAR(512),
    description TEXT
);
success!
timestamp: 2015-07-29T11:01:21.837000
CREATE TABLE auth_membership(
    id INTEGER PRIMARY KEY AUTOINCREMENT,
    user_id INTEGER REFERENCES auth_user (id) ON DELETE CASCADE,
    group_id INTEGER REFERENCES auth_group (id) ON DELETE CASCADE
);
success!
timestamp: 2015-07-29T11:01:21.905000
CREATE TABLE auth_permission(
    id INTEGER PRIMARY KEY AUTOINCREMENT,
    group_id INTEGER REFERENCES auth_group (id) ON DELETE CASCADE,
    name CHAR(512),
    table_name CHAR(512),
    record_id INTEGER
);
success!
timestamp: 2015-07-29T11:01:22.043000
CREATE TABLE auth_event(
    id INTEGER PRIMARY KEY AUTOINCREMENT,
    time_stamp TIMESTAMP,
    client_ip CHAR(512),
    user_id INTEGER REFERENCES auth_user (id) ON DELETE CASCADE,
    origin CHAR(512),
    description TEXT
);
success!
timestamp: 2015-07-29T11:01:22.146000
CREATE TABLE auth_cas(
    id INTEGER PRIMARY KEY AUTOINCREMENT,
    user_id INTEGER REFERENCES auth_user (id) ON DELETE CASCADE,
    created_on TIMESTAMP,
    service CHAR(512),
    ticket CHAR(512),
    renew CHAR(1)
);
success!
timestamp: 2015-07-29T11:02:28.687000
CREATE TABLE Endereco(
    id INTEGER PRIMARY KEY AUTOINCREMENT,
    rua CHAR(512),
    numero INTEGER,
    complemento CHAR(512),
    bairro CHAR(512),
    CEP INTEGER,
    estado CHAR(512)
);
success!
timestamp: 2015-07-29T11:02:28.793000
CREATE TABLE Pessoa(
    id INTEGER PRIMARY KEY AUTOINCREMENT,
    nome CHAR(512),
    rg INTEGER,
    endereco INTEGER REFERENCES Endereco (id) ON DELETE CASCADE,
    telefone CHAR(512),
    email CHAR(512),
    foto CHAR(512)
);
success!
timestamp: 2015-07-29T11:02:28.920000
CREATE TABLE Tipo_Usuario(
    id INTEGER PRIMARY KEY AUTOINCREMENT,
    pessoa INTEGER REFERENCES Pessoa (id) ON DELETE CASCADE,
    tipo CHAR(512)
);
success!
timestamp: 2015-07-29T11:02:29.044000
CREATE TABLE post(
    id INTEGER PRIMARY KEY AUTOINCREMENT,
    Mensagem CHAR(512),
    Tipo_Usuario INTEGER REFERENCES Tipo_Usuario (id) ON DELETE CASCADE
);
success!
timestamp: 2015-07-29T13:05:44.809000
ALTER TABLE Pessoa ADD endereco_id INTEGER REFERENCES Endereco (id) ON DELETE CASCADE;
success!
success!
success!
success!
success!
success!
success!
success!
success!
success!
success!
success!
success!
success!
success!
timestamp: 2015-07-29T13:13:40.692000
ALTER TABLE Tipo_Usuario ADD pessoa_id INTEGER REFERENCES Pessoa (id) ON DELETE CASCADE;
success!
success!
success!
success!
success!
success!
success!
success!
success!
success!
success!
success!
success!
success!
success!
success!
success!
success!
success!
success!
success!
success!
success!
success!
success!
success!
success!
success!
success!
success!
success!
success!
success!
success!
success!
success!
success!
success!
success!
success!
success!
success!
success!
success!
success!
success!
success!
success!
success!
success!
success!
success!
success!
success!
success!
success!
success!
success!
success!
success!
success!
success!
success!
success!
success!
success!
success!
success!
success!
success!
success!
success!
success!
success!
success!
success!
success!
success!
success!
success!
success!
success!
success!
success!
timestamp: 2015-07-29T13:42:00.499000
ALTER TABLE Pessoa ADD auth_user_id INTEGER REFERENCES auth_user (id) ON DELETE CASCADE;
success!
success!
success!
success!
success!
success!
success!
success!
success!
success!
success!
success!
success!
success!
success!
success!
success!
success!
success!
success!
success!
success!
success!
success!
success!
success!
success!
success!
success!
success!
success!
success!
success!
success!
success!
success!
success!
success!
success!
success!
success!
timestamp: 2015-07-29T13:46:08.037000
ALTER TABLE Post ADD pessoa_id INTEGER REFERENCES Pessoa (id) ON DELETE CASCADE;
success!
success!
success!
success!
success!
success!
success!
success!
success!
success!
success!
success!
success!
success!
success!
success!
success!
success!
success!
success!
success!
success!
success!
success!
success!
success!
success!
success!
success!
success!
success!
success!
success!
success!
success!
success!
success!
success!
success!
success!
success!
success!
success!
success!
success!
success!
success!
success!
success!
success!
success!
success!
success!
success!
success!
success!
success!
success!
success!
success!
success!
success!
success!
success!
success!
success!
success!
success!
success!
success!
success!
success!
success!
success!
success!
success!
success!
success!
success!
success!
success!
success!
success!
success!
success!
success!
success!
success!
success!
success!
success!
success!
success!
success!
success!
success!
success!
success!
success!
success!
success!
success!
success!
success!
success!
success!
