timestamp: 2015-07-14T17:19:03.964000
CREATE TABLE auth_user(
    id INTEGER PRIMARY KEY AUTOINCREMENT,
    first_name CHAR(128),
    last_name CHAR(128),
    email CHAR(512),
    password CHAR(512),
    registration_key CHAR(512),
    reset_password_key CHAR(512),
    registration_id CHAR(512)
);
success!
timestamp: 2015-07-14T17:19:04.076000
CREATE TABLE auth_group(
    id INTEGER PRIMARY KEY AUTOINCREMENT,
    role CHAR(512),
    description TEXT
);
success!
timestamp: 2015-07-14T17:19:04.133000
CREATE TABLE auth_membership(
    id INTEGER PRIMARY KEY AUTOINCREMENT,
    user_id INTEGER REFERENCES auth_user (id) ON DELETE CASCADE,
    group_id INTEGER REFERENCES auth_group (id) ON DELETE CASCADE
);
success!
timestamp: 2015-07-14T17:19:04.278000
CREATE TABLE auth_permission(
    id INTEGER PRIMARY KEY AUTOINCREMENT,
    group_id INTEGER REFERENCES auth_group (id) ON DELETE CASCADE,
    name CHAR(512),
    table_name CHAR(512),
    record_id INTEGER
);
success!
timestamp: 2015-07-14T17:19:04.353000
CREATE TABLE auth_event(
    id INTEGER PRIMARY KEY AUTOINCREMENT,
    time_stamp TIMESTAMP,
    client_ip CHAR(512),
    user_id INTEGER REFERENCES auth_user (id) ON DELETE CASCADE,
    origin CHAR(512),
    description TEXT
);
success!
timestamp: 2015-07-14T17:19:04.429000
CREATE TABLE auth_cas(
    id INTEGER PRIMARY KEY AUTOINCREMENT,
    user_id INTEGER REFERENCES auth_user (id) ON DELETE CASCADE,
    created_on TIMESTAMP,
    service CHAR(512),
    ticket CHAR(512),
    renew CHAR(1)
);
success!
timestamp: 2015-07-14T17:19:04.500000
CREATE TABLE car_model(
    id INTEGER PRIMARY KEY AUTOINCREMENT,
    car_model CHAR(512),
    car_base_price DOUBLE
);
success!
timestamp: 2015-07-22T14:23:07.380000
CREATE TABLE vendor(
    id INTEGER PRIMARY KEY AUTOINCREMENT,
    vendor_name CHAR(512),
    vendor_birthday DATE,
    vendor_cpf CHAR(512)
);
success!
timestamp: 2015-07-22T14:30:24.831000
CREATE TABLE accessory(
    id INTEGER PRIMARY KEY AUTOINCREMENT,
    accessory_name CHAR(512),
    accessory_price DOUBLE,
    accessory_image_file CHAR(512)
);
success!
timestamp: 2015-07-22T14:40:54.757000
CREATE TABLE sale(
    id INTEGER PRIMARY KEY AUTOINCREMENT,
    car_id INTEGER REFERENCES car_model (id) ON DELETE CASCADE,
    vendor_id INTEGER REFERENCES vendor (id) ON DELETE CASCADE,
    sale_date DATE,
    sale_discount INTEGER,
    sale_total_price DOUBLE
);
success!
timestamp: 2015-07-22T15:25:57.351000
CREATE TABLE accessory_list(
    id INTEGER PRIMARY KEY AUTOINCREMENT,
    sale_id INTEGER REFERENCES sale (id) ON DELETE CASCADE,
    accessory_id INTEGER REFERENCES accessory (id) ON DELETE CASCADE
);
success!
